<?xml version="1.0" encoding="UTF-8"?>
<!-- Generated by org.testng.reporters.JUnitReportReporter -->
<testsuite hostname="DARRELL" failures="0" tests="1" name="Actions.ExcelReader" time="0.301" errors="0" timestamp="2024-11-15T00:26:30 PST" skipped="0">
  <testcase classname="Actions.ExcelReader" name="excel" time="0.301"/>
  <system-out/>
</testsuite> <!-- Actions.ExcelReader -->
